<?xml version="1.0" encoding="utf-8"?><testsuites name="pytest tests"><testsuite name="pytest" errors="0" failures="0" skipped="0" tests="15" time="5.484" timestamp="2026-02-02T06:06:45.487495+00:00" hostname="agent-env-69cc867b-b1dc-4805-bdcf-9a277747cd98"><testcase classname="backend.tests.test_bdask_api.TestHealthAndStatus" name="test_api_root_endpoint" time="0.057" /><testcase classname="backend.tests.test_bdask_api.TestHealthAndStatus" name="test_status_create" time="0.064" /><testcase classname="backend.tests.test_bdask_api.TestHealthAndStatus" name="test_status_list" time="0.035" /><testcase classname="backend.tests.test_bdask_api.TestChatEndpoints" name="test_create_chat_session" time="0.038" /><testcase classname="backend.tests.test_bdask_api.TestChatEndpoints" name="test_get_chat_sessions" time="0.036" /><testcase classname="backend.tests.test_bdask_api.TestChatEndpoints" name="test_send_chat_message_bengali" time="1.700" /><testcase classname="backend.tests.test_bdask_api.TestChatEndpoints" name="test_get_chat_messages" time="0.102" /><testcase classname="backend.tests.test_bdask_api.TestChatEndpoints" name="test_delete_chat_session" time="0.067" /><testcase classname="backend.tests.test_bdask_api.TestTranslationEndpoint" name="test_translate_bengali_to_english" time="0.757" /><testcase classname="backend.tests.test_bdask_api.TestTranslationEndpoint" name="test_translate_english_to_bengali" time="0.752" /><testcase classname="backend.tests.test_bdask_api.TestTranslationEndpoint" name="test_translate_hindi_to_bengali" time="0.645" /><testcase classname="backend.tests.test_bdask_api.TestTranslationEndpoint" name="test_translate_empty_text" time="1.003" /><testcase classname="backend.tests.test_bdask_api.TestAPIValidation" name="test_invalid_session_id_for_messages" time="0.053" /><testcase classname="backend.tests.test_bdask_api.TestAPIValidation" name="test_chat_send_missing_session_id" time="0.035" /><testcase classname="backend.tests.test_bdask_api.TestAPIValidation" name="test_translate_missing_fields" time="0.033" /></testsuite></testsuites>